2022-10-22 19:06:00.838  INFO 21408 --- [restartedMain] c.s.msclientes.MsclientesApplication     : Starting MsclientesApplication using Java 11.0.16 on DESKTOP-80K4DM3 with PID 21408 (E:\dev\projetos\eurekaserver\msclientes\msclientes\target\classes started by pedro in E:\dev\projetos\eurekaserver\msclientes\msclientes)
2022-10-22 19:06:00.842  INFO 21408 --- [restartedMain] c.s.msclientes.MsclientesApplication     : No active profile set, falling back to 1 default profile: "default"
2022-10-22 19:06:00.990  INFO 21408 --- [restartedMain] .e.DevToolsPropertyDefaultsPostProcessor : Devtools property defaults active! Set 'spring.devtools.add-properties' to 'false' to disable
2022-10-22 19:06:00.990  INFO 21408 --- [restartedMain] .e.DevToolsPropertyDefaultsPostProcessor : For additional web related logging consider setting the 'logging.level.web' property to 'DEBUG'
2022-10-22 19:06:04.563  INFO 21408 --- [restartedMain] .s.d.r.c.RepositoryConfigurationDelegate : Bootstrapping Spring Data JPA repositories in DEFAULT mode.
2022-10-22 19:06:05.015  INFO 21408 --- [restartedMain] .s.d.r.c.RepositoryConfigurationDelegate : Finished Spring Data repository scanning in 427 ms. Found 1 JPA repository interfaces.
2022-10-22 19:06:05.868  INFO 21408 --- [restartedMain] o.s.cloud.context.scope.GenericScope     : BeanFactory id=4eba3936-32e5-3f4f-b64b-f0901bacd76a
2022-10-22 19:06:07.997  INFO 21408 --- [restartedMain] o.s.b.w.embedded.tomcat.TomcatWebServer  : Tomcat initialized with port(s): 0 (http)
2022-10-22 19:06:08.036  INFO 21408 --- [restartedMain] o.apache.catalina.core.StandardService   : Starting service [Tomcat]
2022-10-22 19:06:08.038  INFO 21408 --- [restartedMain] org.apache.catalina.core.StandardEngine  : Starting Servlet engine: [Apache Tomcat/9.0.65]
2022-10-22 19:06:08.375  INFO 21408 --- [restartedMain] o.a.c.c.C.[Tomcat].[localhost].[/]       : Initializing Spring embedded WebApplicationContext
2022-10-22 19:06:08.376  INFO 21408 --- [restartedMain] w.s.c.ServletWebServerApplicationContext : Root WebApplicationContext: initialization completed in 7384 ms
2022-10-22 19:06:08.827  INFO 21408 --- [restartedMain] com.zaxxer.hikari.HikariDataSource       : HikariPool-1 - Starting...
2022-10-22 19:06:09.582  INFO 21408 --- [restartedMain] com.zaxxer.hikari.HikariDataSource       : HikariPool-1 - Start completed.
2022-10-22 19:06:09.618  INFO 21408 --- [restartedMain] o.s.b.a.h2.H2ConsoleAutoConfiguration    : H2 console available at '/h2-console'. Database available at 'jdbc:h2:mem:bca9644f-ee1b-421d-8e64-6e29724c48d3'
2022-10-22 19:06:10.271  INFO 21408 --- [restartedMain] o.hibernate.jpa.internal.util.LogHelper  : HHH000204: Processing PersistenceUnitInfo [name: default]
2022-10-22 19:06:10.484  INFO 21408 --- [restartedMain] org.hibernate.Version                    : HHH000412: Hibernate ORM core version 5.6.11.Final
2022-10-22 19:06:11.231  INFO 21408 --- [restartedMain] o.hibernate.annotations.common.Version   : HCANN000001: Hibernate Commons Annotations {5.1.2.Final}
2022-10-22 19:06:11.644  INFO 21408 --- [restartedMain] org.hibernate.dialect.Dialect            : HHH000400: Using dialect: org.hibernate.dialect.H2Dialect
2022-10-22 19:06:13.240  INFO 21408 --- [restartedMain] o.h.e.t.j.p.i.JtaPlatformInitiator       : HHH000490: Using JtaPlatform implementation: [org.hibernate.engine.transaction.jta.platform.internal.NoJtaPlatform]
2022-10-22 19:06:13.263  INFO 21408 --- [restartedMain] j.LocalContainerEntityManagerFactoryBean : Initialized JPA EntityManagerFactory for persistence unit 'default'
2022-10-22 19:06:14.633  WARN 21408 --- [restartedMain] JpaBaseConfiguration$JpaWebConfiguration : spring.jpa.open-in-view is enabled by default. Therefore, database queries may be performed during view rendering. Explicitly configure spring.jpa.open-in-view to disable this warning
2022-10-22 19:06:17.477  INFO 21408 --- [restartedMain] o.s.b.d.a.OptionalLiveReloadServer       : LiveReload server is running on port 35729
2022-10-22 19:06:17.963  INFO 21408 --- [restartedMain] DiscoveryClientOptionalArgsConfiguration : Eureka HTTP Client uses RestTemplate.
2022-10-22 19:06:18.221  WARN 21408 --- [restartedMain] iguration$LoadBalancerCaffeineWarnLogger : Spring Cloud LoadBalancer is currently working with the default cache. While this cache implementation is useful for development and tests, it's recommended to use Caffeine cache in production.You can switch to using Caffeine cache, by adding it and org.springframework.cache.caffeine.CaffeineCacheManager to the classpath.
2022-10-22 19:06:18.240  INFO 21408 --- [restartedMain] o.s.b.a.e.web.EndpointLinksResolver      : Exposing 17 endpoint(s) beneath base path '/actuator'
2022-10-22 19:06:18.457  INFO 21408 --- [restartedMain] o.s.b.w.embedded.tomcat.TomcatWebServer  : Tomcat started on port(s): 57392 (http) with context path ''
2022-10-22 19:06:18.460  INFO 21408 --- [restartedMain] .s.c.n.e.s.EurekaAutoServiceRegistration : Updating port to 57392
2022-10-22 19:06:18.481  INFO 21408 --- [restartedMain] o.s.c.n.eureka.InstanceInfoFactory       : Setting initial instance status as: STARTING
2022-10-22 19:06:18.779  INFO 21408 --- [restartedMain] com.netflix.discovery.DiscoveryClient    : Initializing Eureka in region us-east-1
2022-10-22 19:06:18.793  INFO 21408 --- [restartedMain] c.n.d.s.r.aws.ConfigClusterResolver      : Resolving eureka endpoints via configuration
2022-10-22 19:06:18.875  INFO 21408 --- [restartedMain] com.netflix.discovery.DiscoveryClient    : Disable delta property : false
2022-10-22 19:06:18.876  INFO 21408 --- [restartedMain] com.netflix.discovery.DiscoveryClient    : Single vip registry refresh property : null
2022-10-22 19:06:18.877  INFO 21408 --- [restartedMain] com.netflix.discovery.DiscoveryClient    : Force full registry fetch : false
2022-10-22 19:06:18.877  INFO 21408 --- [restartedMain] com.netflix.discovery.DiscoveryClient    : Application is null : false
2022-10-22 19:06:18.877  INFO 21408 --- [restartedMain] com.netflix.discovery.DiscoveryClient    : Registered Applications size is zero : true
2022-10-22 19:06:18.879  INFO 21408 --- [restartedMain] com.netflix.discovery.DiscoveryClient    : Application version is -1: true
2022-10-22 19:06:18.880  INFO 21408 --- [restartedMain] com.netflix.discovery.DiscoveryClient    : Getting all instance registry info from the eureka server
2022-10-22 19:06:20.884  INFO 21408 --- [restartedMain] com.netflix.discovery.DiscoveryClient    : The response status is 200
2022-10-22 19:06:20.888  INFO 21408 --- [restartedMain] com.netflix.discovery.DiscoveryClient    : Starting heartbeat executor: renew interval is: 30
2022-10-22 19:06:20.897  INFO 21408 --- [restartedMain] c.n.discovery.InstanceInfoReplicator     : InstanceInfoReplicator onDemand update allowed rate per min is 4
2022-10-22 19:06:20.914  INFO 21408 --- [restartedMain] com.netflix.discovery.DiscoveryClient    : Discovery Client initialized at timestamp 1666476380907 with initial instances count: 0
2022-10-22 19:06:20.916  INFO 21408 --- [restartedMain] o.s.c.n.e.s.EurekaServiceRegistry        : Registering application MSCLIENTES with eureka with status UP
2022-10-22 19:06:20.919  INFO 21408 --- [restartedMain] com.netflix.discovery.DiscoveryClient    : Saw local status change event StatusChangeEvent [timestamp=1666476380917, current=UP, previous=STARTING]
2022-10-22 19:06:20.922  INFO 21408 --- [DiscoveryClient-InstanceInfoReplicator-0] com.netflix.discovery.DiscoveryClient    : DiscoveryClient_MSCLIENTES/msclientes:77098b296c9b34e2b7cc020ac7466729: registering service...
2022-10-22 19:06:21.472  INFO 21408 --- [DiscoveryClient-InstanceInfoReplicator-0] com.netflix.discovery.DiscoveryClient    : DiscoveryClient_MSCLIENTES/msclientes:77098b296c9b34e2b7cc020ac7466729 - registration status: 204
2022-10-22 19:06:21.488  INFO 21408 --- [restartedMain] c.s.msclientes.MsclientesApplication     : Started MsclientesApplication in 22.66 seconds (JVM running for 24.6)
2022-10-22 19:06:50.899  INFO 21408 --- [DiscoveryClient-CacheRefreshExecutor-0] com.netflix.discovery.DiscoveryClient    : Disable delta property : false
2022-10-22 19:06:50.899  INFO 21408 --- [DiscoveryClient-CacheRefreshExecutor-0] com.netflix.discovery.DiscoveryClient    : Single vip registry refresh property : null
2022-10-22 19:06:50.899  INFO 21408 --- [DiscoveryClient-CacheRefreshExecutor-0] com.netflix.discovery.DiscoveryClient    : Force full registry fetch : false
2022-10-22 19:06:50.899  INFO 21408 --- [DiscoveryClient-CacheRefreshExecutor-0] com.netflix.discovery.DiscoveryClient    : Application is null : false
2022-10-22 19:06:50.899  INFO 21408 --- [DiscoveryClient-CacheRefreshExecutor-0] com.netflix.discovery.DiscoveryClient    : Registered Applications size is zero : true
2022-10-22 19:06:50.900  INFO 21408 --- [DiscoveryClient-CacheRefreshExecutor-0] com.netflix.discovery.DiscoveryClient    : Application version is -1: false
2022-10-22 19:06:50.900  INFO 21408 --- [DiscoveryClient-CacheRefreshExecutor-0] com.netflix.discovery.DiscoveryClient    : Getting all instance registry info from the eureka server
2022-10-22 19:06:50.934  INFO 21408 --- [DiscoveryClient-CacheRefreshExecutor-0] com.netflix.discovery.DiscoveryClient    : The response status is 200
2022-10-22 19:07:12.884  INFO 21408 --- [http-nio-auto-1-exec-1] o.a.c.c.C.[Tomcat].[localhost].[/]       : Initializing Spring DispatcherServlet 'dispatcherServlet'
2022-10-22 19:07:12.885  INFO 21408 --- [http-nio-auto-1-exec-1] o.s.web.servlet.DispatcherServlet        : Initializing Servlet 'dispatcherServlet'
2022-10-22 19:07:12.887  INFO 21408 --- [http-nio-auto-1-exec-1] o.s.web.servlet.DispatcherServlet        : Completed initialization in 2 ms
